2017-07-28 22:19:09 [-][-][-][error][yii\base\ErrorException:2] yii\base\ErrorException: scandir() has been disabled for security reasons in /www/web/ltwo/vendor/yiisoft/yii2/console/controllers/HelpController.php:254
Stack trace:
#0 [internal function]: yii\base\ErrorHandler->handleError(2, 'scandir() has b...', '/www/web/ltwo/v...', 254, Array)
#1 /www/web/ltwo/vendor/yiisoft/yii2/console/controllers/HelpController.php(254): scandir('/www/web/ltwo/v...')
#2 /www/web/ltwo/vendor/yiisoft/yii2/console/controllers/HelpController.php(247): yii\console\controllers\HelpController->getModuleCommands(Object(yii\gii\Module))
#3 /www/web/ltwo/vendor/yiisoft/yii2/console/controllers/HelpController.php(181): yii\console\controllers\HelpController->getModuleCommands(Object(yii\console\Application))
#4 /www/web/ltwo/vendor/yiisoft/yii2/console/controllers/HelpController.php(193): yii\console\controllers\HelpController->getCommands()
#5 /www/web/ltwo/vendor/yiisoft/yii2/console/controllers/HelpController.php(288): yii\console\controllers\HelpController->getCommandDescriptions()
#6 /www/web/ltwo/vendor/yiisoft/yii2/console/controllers/HelpController.php(67): yii\console\controllers\HelpController->getDefaultHelp()
#7 [internal function]: yii\console\controllers\HelpController->actionIndex(NULL)
#8 /www/web/ltwo/vendor/yiisoft/yii2/base/InlineAction.php(57): call_user_func_array(Array, Array)
#9 /www/web/ltwo/vendor/yiisoft/yii2/base/Controller.php(156): yii\base\InlineAction->runWithParams(Array)
#10 /www/web/ltwo/vendor/yiisoft/yii2/console/Controller.php(128): yii\base\Controller->runAction('', Array)
#11 /www/web/ltwo/vendor/yiisoft/yii2/base/Module.php(523): yii\console\Controller->runAction('', Array)
#12 /www/web/ltwo/vendor/yiisoft/yii2/console/Application.php(180): yii\base\Module->runAction('', Array)
#13 /www/web/ltwo/vendor/yiisoft/yii2/console/Application.php(147): yii\console\Application->runAction('', Array)
#14 /www/web/ltwo/vendor/yiisoft/yii2/base/Application.php(380): yii\console\Application->handleRequest(Object(yii\console\Request))
#15 /www/web/ltwo/yii(27): yii\base\Application->run()
#16 {main}
2017-07-28 22:19:09 [-][-][-][info][application] $_SERVER = [
    'XDG_SESSION_ID' => '169'
    'HOSTNAME' => 'localhost.localdomain'
    'TERM' => 'xterm'
    'SHELL' => '/bin/bash'
    'HISTSIZE' => '1000'
    'SSH_CLIENT' => '192.168.209.1 55254 22'
    'SSH_TTY' => '/dev/pts/1'
    'USER' => 'root'
    'LS_COLORS' => 'rs=0:di=01;34:ln=01;36:mh=00:pi=40;33:so=01;35:do=01;35:bd=40;33;01:cd=40;33;01:or=40;31;01:mi=01;05;37;41:su=37;41:sg=30;43:ca=30;41:tw=30;42:ow=34;42:st=37;44:ex=01;32:*.tar=01;31:*.tgz=01;31:*.arc=01;31:*.arj=01;31:*.taz=01;31:*.lha=01;31:*.lz4=01;31:*.lzh=01;31:*.lzma=01;31:*.tlz=01;31:*.txz=01;31:*.tzo=01;31:*.t7z=01;31:*.zip=01;31:*.z=01;31:*.Z=01;31:*.dz=01;31:*.gz=01;31:*.lrz=01;31:*.lz=01;31:*.lzo=01;31:*.xz=01;31:*.bz2=01;31:*.bz=01;31:*.tbz=01;31:*.tbz2=01;31:*.tz=01;31:*.deb=01;31:*.rpm=01;31:*.jar=01;31:*.war=01;31:*.ear=01;31:*.sar=01;31:*.rar=01;31:*.alz=01;31:*.ace=01;31:*.zoo=01;31:*.cpio=01;31:*.7z=01;31:*.rz=01;31:*.cab=01;31:*.jpg=01;35:*.jpeg=01;35:*.gif=01;35:*.bmp=01;35:*.pbm=01;35:*.pgm=01;35:*.ppm=01;35:*.tga=01;35:*.xbm=01;35:*.xpm=01;35:*.tif=01;35:*.tiff=01;35:*.png=01;35:*.svg=01;35:*.svgz=01;35:*.mng=01;35:*.pcx=01;35:*.mov=01;35:*.mpg=01;35:*.mpeg=01;35:*.m2v=01;35:*.mkv=01;35:*.webm=01;35:*.ogm=01;35:*.mp4=01;35:*.m4v=01;35:*.mp4v=01;35:*.vob=01;35:*.qt=01;35:*.nuv=01;35:*.wmv=01;35:*.asf=01;35:*.rm=01;35:*.rmvb=01;35:*.flc=01;35:*.avi=01;35:*.fli=01;35:*.flv=01;35:*.gl=01;35:*.dl=01;35:*.xcf=01;35:*.xwd=01;35:*.yuv=01;35:*.cgm=01;35:*.emf=01;35:*.axv=01;35:*.anx=01;35:*.ogv=01;35:*.ogx=01;35:*.aac=01;36:*.au=01;36:*.flac=01;36:*.mid=01;36:*.midi=01;36:*.mka=01;36:*.mp3=01;36:*.mpc=01;36:*.ogg=01;36:*.ra=01;36:*.wav=01;36:*.axa=01;36:*.oga=01;36:*.spx=01;36:*.xspf=01;36:'
    'MAIL' => '/var/spool/mail/root'
    'PATH' => '/usr/local/sbin:/usr/local/bin:/usr/sbin:/usr/bin:/root/bin'
    'PWD' => '/www/web/ltwo'
    'LANG' => 'zh_CN.UTF-8'
    'HISTCONTROL' => 'ignoredups'
    'SHLVL' => '1'
    'HOME' => '/root'
    'LOGNAME' => 'root'
    'SSH_CONNECTION' => '192.168.209.1 55254 192.168.209.128 22'
    'LESSOPEN' => '||/usr/bin/lesspipe.sh %s'
    'XDG_RUNTIME_DIR' => '/run/user/0'
    '_' => '/usr/bin/php'
    'OLDPWD' => '/usr/local/php/etc'
    'PHP_SELF' => 'yii'
    'SCRIPT_NAME' => 'yii'
    'SCRIPT_FILENAME' => 'yii'
    'PATH_TRANSLATED' => 'yii'
    'DOCUMENT_ROOT' => ''
    'REQUEST_TIME_FLOAT' => 1501251549.6987
    'REQUEST_TIME' => 1501251549
    'argv' => [
        0 => 'yii'
    ]
    'argc' => 1
]
2017-07-28 22:21:06 [-][-][-][error][yii\base\ErrorException:2] yii\base\ErrorException: exec() has been disabled for security reasons in /www/web/ltwo/vendor/yiisoft/yii2/helpers/BaseConsole.php:622
Stack trace:
#0 [internal function]: yii\base\ErrorHandler->handleError(2, 'exec() has been...', '/www/web/ltwo/v...', 622, Array)
#1 /www/web/ltwo/vendor/yiisoft/yii2/helpers/BaseConsole.php(622): exec('stty -a 2>&1', Array)
#2 /www/web/ltwo/vendor/yiisoft/yii2/helpers/BaseConsole.php(673): yii\helpers\BaseConsole::getScreenSize(false)
#3 /www/web/ltwo/vendor/yiisoft/yii2/console/controllers/HelpController.php(318): yii\helpers\BaseConsole::wrapText('Allows you to c...', 31)
#4 /www/web/ltwo/vendor/yiisoft/yii2/console/controllers/HelpController.php(67): yii\console\controllers\HelpController->getDefaultHelp()
#5 [internal function]: yii\console\controllers\HelpController->actionIndex(NULL)
#6 /www/web/ltwo/vendor/yiisoft/yii2/base/InlineAction.php(57): call_user_func_array(Array, Array)
#7 /www/web/ltwo/vendor/yiisoft/yii2/base/Controller.php(156): yii\base\InlineAction->runWithParams(Array)
#8 /www/web/ltwo/vendor/yiisoft/yii2/console/Controller.php(128): yii\base\Controller->runAction('', Array)
#9 /www/web/ltwo/vendor/yiisoft/yii2/base/Module.php(523): yii\console\Controller->runAction('', Array)
#10 /www/web/ltwo/vendor/yiisoft/yii2/console/Application.php(180): yii\base\Module->runAction('', Array)
#11 /www/web/ltwo/vendor/yiisoft/yii2/console/Application.php(147): yii\console\Application->runAction('', Array)
#12 /www/web/ltwo/vendor/yiisoft/yii2/base/Application.php(380): yii\console\Application->handleRequest(Object(yii\console\Request))
#13 /www/web/ltwo/yii(27): yii\base\Application->run()
#14 {main}
2017-07-28 22:21:06 [-][-][-][info][application] $_SERVER = [
    'XDG_SESSION_ID' => '169'
    'HOSTNAME' => 'localhost.localdomain'
    'TERM' => 'xterm'
    'SHELL' => '/bin/bash'
    'HISTSIZE' => '1000'
    'SSH_CLIENT' => '192.168.209.1 55254 22'
    'SSH_TTY' => '/dev/pts/1'
    'USER' => 'root'
    'LS_COLORS' => 'rs=0:di=01;34:ln=01;36:mh=00:pi=40;33:so=01;35:do=01;35:bd=40;33;01:cd=40;33;01:or=40;31;01:mi=01;05;37;41:su=37;41:sg=30;43:ca=30;41:tw=30;42:ow=34;42:st=37;44:ex=01;32:*.tar=01;31:*.tgz=01;31:*.arc=01;31:*.arj=01;31:*.taz=01;31:*.lha=01;31:*.lz4=01;31:*.lzh=01;31:*.lzma=01;31:*.tlz=01;31:*.txz=01;31:*.tzo=01;31:*.t7z=01;31:*.zip=01;31:*.z=01;31:*.Z=01;31:*.dz=01;31:*.gz=01;31:*.lrz=01;31:*.lz=01;31:*.lzo=01;31:*.xz=01;31:*.bz2=01;31:*.bz=01;31:*.tbz=01;31:*.tbz2=01;31:*.tz=01;31:*.deb=01;31:*.rpm=01;31:*.jar=01;31:*.war=01;31:*.ear=01;31:*.sar=01;31:*.rar=01;31:*.alz=01;31:*.ace=01;31:*.zoo=01;31:*.cpio=01;31:*.7z=01;31:*.rz=01;31:*.cab=01;31:*.jpg=01;35:*.jpeg=01;35:*.gif=01;35:*.bmp=01;35:*.pbm=01;35:*.pgm=01;35:*.ppm=01;35:*.tga=01;35:*.xbm=01;35:*.xpm=01;35:*.tif=01;35:*.tiff=01;35:*.png=01;35:*.svg=01;35:*.svgz=01;35:*.mng=01;35:*.pcx=01;35:*.mov=01;35:*.mpg=01;35:*.mpeg=01;35:*.m2v=01;35:*.mkv=01;35:*.webm=01;35:*.ogm=01;35:*.mp4=01;35:*.m4v=01;35:*.mp4v=01;35:*.vob=01;35:*.qt=01;35:*.nuv=01;35:*.wmv=01;35:*.asf=01;35:*.rm=01;35:*.rmvb=01;35:*.flc=01;35:*.avi=01;35:*.fli=01;35:*.flv=01;35:*.gl=01;35:*.dl=01;35:*.xcf=01;35:*.xwd=01;35:*.yuv=01;35:*.cgm=01;35:*.emf=01;35:*.axv=01;35:*.anx=01;35:*.ogv=01;35:*.ogx=01;35:*.aac=01;36:*.au=01;36:*.flac=01;36:*.mid=01;36:*.midi=01;36:*.mka=01;36:*.mp3=01;36:*.mpc=01;36:*.ogg=01;36:*.ra=01;36:*.wav=01;36:*.axa=01;36:*.oga=01;36:*.spx=01;36:*.xspf=01;36:'
    'MAIL' => '/var/spool/mail/root'
    'PATH' => '/usr/local/sbin:/usr/local/bin:/usr/sbin:/usr/bin:/root/bin'
    'PWD' => '/www/web/ltwo'
    'LANG' => 'zh_CN.UTF-8'
    'HISTCONTROL' => 'ignoredups'
    'SHLVL' => '1'
    'HOME' => '/root'
    'LOGNAME' => 'root'
    'SSH_CONNECTION' => '192.168.209.1 55254 192.168.209.128 22'
    'LESSOPEN' => '||/usr/bin/lesspipe.sh %s'
    'XDG_RUNTIME_DIR' => '/run/user/0'
    '_' => '/usr/bin/php'
    'OLDPWD' => '/usr/local/php/etc'
    'PHP_SELF' => 'yii'
    'SCRIPT_NAME' => 'yii'
    'SCRIPT_FILENAME' => 'yii'
    'PATH_TRANSLATED' => 'yii'
    'DOCUMENT_ROOT' => ''
    'REQUEST_TIME_FLOAT' => 1501251666.5411
    'REQUEST_TIME' => 1501251666
    'argv' => [
        0 => 'yii'
    ]
    'argc' => 1
]
2017-07-28 22:22:29 [-][-][-][error][yii\console\UnknownCommandException] yii\base\InvalidRouteException: Unable to resolve the request "-gii". in /www/web/ltwo/vendor/yiisoft/yii2/base/Module.php:532
Stack trace:
#0 /www/web/ltwo/vendor/yiisoft/yii2/console/Application.php(180): yii\base\Module->runAction('-gii', Array)
#1 /www/web/ltwo/vendor/yiisoft/yii2/console/Application.php(147): yii\console\Application->runAction('-gii', Array)
#2 /www/web/ltwo/vendor/yiisoft/yii2/base/Application.php(380): yii\console\Application->handleRequest(Object(yii\console\Request))
#3 /www/web/ltwo/yii(27): yii\base\Application->run()
#4 {main}

Next yii\console\UnknownCommandException: Unknown command "-gii". in /www/web/ltwo/vendor/yiisoft/yii2/console/Application.php:183
Stack trace:
#0 /www/web/ltwo/vendor/yiisoft/yii2/console/Application.php(147): yii\console\Application->runAction('-gii', Array)
#1 /www/web/ltwo/vendor/yiisoft/yii2/base/Application.php(380): yii\console\Application->handleRequest(Object(yii\console\Request))
#2 /www/web/ltwo/yii(27): yii\base\Application->run()
#3 {main}
2017-07-28 22:22:29 [-][-][-][info][application] $_SERVER = [
    'XDG_SESSION_ID' => '169'
    'HOSTNAME' => 'localhost.localdomain'
    'TERM' => 'xterm'
    'SHELL' => '/bin/bash'
    'HISTSIZE' => '1000'
    'SSH_CLIENT' => '192.168.209.1 55254 22'
    'SSH_TTY' => '/dev/pts/1'
    'USER' => 'root'
    'LS_COLORS' => 'rs=0:di=01;34:ln=01;36:mh=00:pi=40;33:so=01;35:do=01;35:bd=40;33;01:cd=40;33;01:or=40;31;01:mi=01;05;37;41:su=37;41:sg=30;43:ca=30;41:tw=30;42:ow=34;42:st=37;44:ex=01;32:*.tar=01;31:*.tgz=01;31:*.arc=01;31:*.arj=01;31:*.taz=01;31:*.lha=01;31:*.lz4=01;31:*.lzh=01;31:*.lzma=01;31:*.tlz=01;31:*.txz=01;31:*.tzo=01;31:*.t7z=01;31:*.zip=01;31:*.z=01;31:*.Z=01;31:*.dz=01;31:*.gz=01;31:*.lrz=01;31:*.lz=01;31:*.lzo=01;31:*.xz=01;31:*.bz2=01;31:*.bz=01;31:*.tbz=01;31:*.tbz2=01;31:*.tz=01;31:*.deb=01;31:*.rpm=01;31:*.jar=01;31:*.war=01;31:*.ear=01;31:*.sar=01;31:*.rar=01;31:*.alz=01;31:*.ace=01;31:*.zoo=01;31:*.cpio=01;31:*.7z=01;31:*.rz=01;31:*.cab=01;31:*.jpg=01;35:*.jpeg=01;35:*.gif=01;35:*.bmp=01;35:*.pbm=01;35:*.pgm=01;35:*.ppm=01;35:*.tga=01;35:*.xbm=01;35:*.xpm=01;35:*.tif=01;35:*.tiff=01;35:*.png=01;35:*.svg=01;35:*.svgz=01;35:*.mng=01;35:*.pcx=01;35:*.mov=01;35:*.mpg=01;35:*.mpeg=01;35:*.m2v=01;35:*.mkv=01;35:*.webm=01;35:*.ogm=01;35:*.mp4=01;35:*.m4v=01;35:*.mp4v=01;35:*.vob=01;35:*.qt=01;35:*.nuv=01;35:*.wmv=01;35:*.asf=01;35:*.rm=01;35:*.rmvb=01;35:*.flc=01;35:*.avi=01;35:*.fli=01;35:*.flv=01;35:*.gl=01;35:*.dl=01;35:*.xcf=01;35:*.xwd=01;35:*.yuv=01;35:*.cgm=01;35:*.emf=01;35:*.axv=01;35:*.anx=01;35:*.ogv=01;35:*.ogx=01;35:*.aac=01;36:*.au=01;36:*.flac=01;36:*.mid=01;36:*.midi=01;36:*.mka=01;36:*.mp3=01;36:*.mpc=01;36:*.ogg=01;36:*.ra=01;36:*.wav=01;36:*.axa=01;36:*.oga=01;36:*.spx=01;36:*.xspf=01;36:'
    'MAIL' => '/var/spool/mail/root'
    'PATH' => '/usr/local/sbin:/usr/local/bin:/usr/sbin:/usr/bin:/root/bin'
    'PWD' => '/www/web/ltwo'
    'LANG' => 'zh_CN.UTF-8'
    'HISTCONTROL' => 'ignoredups'
    'SHLVL' => '1'
    'HOME' => '/root'
    'LOGNAME' => 'root'
    'SSH_CONNECTION' => '192.168.209.1 55254 192.168.209.128 22'
    'LESSOPEN' => '||/usr/bin/lesspipe.sh %s'
    'XDG_RUNTIME_DIR' => '/run/user/0'
    '_' => '/usr/bin/php'
    'OLDPWD' => '/usr/local/php/etc'
    'PHP_SELF' => 'yii'
    'SCRIPT_NAME' => 'yii'
    'SCRIPT_FILENAME' => 'yii'
    'PATH_TRANSLATED' => 'yii'
    'DOCUMENT_ROOT' => ''
    'REQUEST_TIME_FLOAT' => 1501251749.8926
    'REQUEST_TIME' => 1501251749
    'argv' => [
        0 => 'yii'
        1 => '-gii'
    ]
    'argc' => 2
]
